[INFO] generating `p` and `q` with openssl ... done!
[RESULT] p = 11007556988167041332037805453383201130969914652046070844152369950051076276482939274097086601259536915176013962033421522408270489343509339863915051300846143
[RESULT] q = 10486280840756335586110626066590561038900886540164075640356901954096294459319508296688180914651583366928905836125386505914981019733732825555070919257615847
[INFO] calculating n = p * q ... done!
[RESULT] n = 115428333948549559305927554485585171983410109499880950381695998469157055464222060560707711981199937951230268131322160067912651448773091413828989075713111213118037444420761370610878849466342000054222260719972235167679721665620598589210392270180998339178506275750689258138718516028777398690129749531347945628121
[RESULT] e = 65537
[INFO] calculating phi(n) = (p - 1) * (q - 1) ... done!
[RESULT] phi(n) = 115428333948549559305927554485585171983410109499880950381695998469157055464222060560707711981199937951230268131322160067912651448773091413828989075713111191624199615497384452462447329492579830183421068509825750658407817518249862786762821484913482428058224170830891099330690192777268321447964330545377387166132
[INFO] calculating d with extended euclidean algorithm ...
  a = b*k + r
    a = 115428333948549559305927554485585171983410109499880950381695998469157055464222060560707711981199937951230268131322160067912651448773091413828989075713111191624199615497384452462447329492579830183421068509825750658407817518249862786762821484913482428058224170830891099330690192777268321447964330545377387166132
    b = 65537
    k = 1761269724713513882324908898570047026617179753419914710494773921130919258803760632325369058412804033618112945837041061811078496860904396201061828825138642165863552123188190677974996253911223128666571074504871304124507034472891081171900170665631359812903003964644263535570596651925909355752694364181720053
    r = 52671
  a = b*k + r
    a = 65537
    b = 52671
    k = 1
    r = 12866
  a = b*k + r
    a = 52671
    b = 12866
    k = 4
    r = 1207
  a = b*k + r
    a = 12866
    b = 1207
    k = 10
    r = 796
  a = b*k + r
    a = 1207
    b = 796
    k = 1
    r = 411
  a = b*k + r
    a = 796
    b = 411
    k = 1
    r = 385
  a = b*k + r
    a = 411
    b = 385
    k = 1
    r = 26
  a = b*k + r
    a = 385
    b = 26
    k = 14
    r = 21
  a = b*k + r
    a = 26
    b = 21
    k = 1
    r = 5
  a = b*k + r
    a = 21
    b = 5
    k = 4
    r = 1
  found r = 1, phi(n) and e are coprime
  1 = k1*(b*(-k) + a) + k2*b = k3*b + k1*a WHERE k3 = k1*(-k) + k2
    a = 26
    b = 21
    k = 1
    k1 = -4
    k2 = 1
    k3 = 5
  1 = k1*(b*(-k) + a) + k2*b = k3*b + k1*a WHERE k3 = k1*(-k) + k2
    a = 385
    b = 26
    k = 14
    k1 = 5
    k2 = -4
    k3 = -74
  1 = k1*(b*(-k) + a) + k2*b = k3*b + k1*a WHERE k3 = k1*(-k) + k2
    a = 411
    b = 385
    k = 1
    k1 = -74
    k2 = 5
    k3 = 79
  1 = k1*(b*(-k) + a) + k2*b = k3*b + k1*a WHERE k3 = k1*(-k) + k2
    a = 796
    b = 411
    k = 1
    k1 = 79
    k2 = -74
    k3 = -153
  1 = k1*(b*(-k) + a) + k2*b = k3*b + k1*a WHERE k3 = k1*(-k) + k2
    a = 1207
    b = 796
    k = 1
    k1 = -153
    k2 = 79
    k3 = 232
  1 = k1*(b*(-k) + a) + k2*b = k3*b + k1*a WHERE k3 = k1*(-k) + k2
    a = 12866
    b = 1207
    k = 10
    k1 = 232
    k2 = -153
    k3 = -2473
  1 = k1*(b*(-k) + a) + k2*b = k3*b + k1*a WHERE k3 = k1*(-k) + k2
    a = 52671
    b = 12866
    k = 4
    k1 = -2473
    k2 = 232
    k3 = 10124
  1 = k1*(b*(-k) + a) + k2*b = k3*b + k1*a WHERE k3 = k1*(-k) + k2
    a = 65537
    b = 52671
    k = 1
    k1 = 10124
    k2 = -2473
    k3 = -12597
  1 = k1*(b*(-k) + a) + k2*b = k3*b + k1*a WHERE k3 = k1*(-k) + k2
    a = 115428333948549559305927554485585171983410109499880950381695998469157055464222060560707711981199937951230268131322160067912651448773091413828989075713111191624199615497384452462447329492579830183421068509825750658407817518249862786762821484913482428058224170830891099330690192777268321447964330545377387166132
    b = 65537
    k = 1761269724713513882324908898570047026617179753419914710494773921130919258803760632325369058412804033618112945837041061811078496860904396201061828825138642165863552123188190677974996253911223128666571074504871304124507034472891081171900170665631359812903003964644263535570596651925909355752694364181720053
    k1 = -12597
    k2 = 10124
    k3 = 22186714722216134375646877395286882394296613353830665608102667084486189903150972685402674028826092411487368778709206255634155824956812678944775857710271475363383166095801637970451027810519677751812795825537863818056415113255008949522426449874958239563139140942623787757582806024310680154416690905597127517765
[INFO] finished calculating d!
[RESULT] d = 22186714722216134375646877395286882394296613353830665608102667084486189903150972685402674028826092411487368778709206255634155824956812678944775857710271475363383166095801637970451027810519677751812795825537863818056415113255008949522426449874958239563139140942623787757582806024310680154416690905597127517765
[INFO] verifying valid e and d ... e and d are valid!
========================================
results:
  p = 11007556988167041332037805453383201130969914652046070844152369950051076276482939274097086601259536915176013962033421522408270489343509339863915051300846143
  q = 10486280840756335586110626066590561038900886540164075640356901954096294459319508296688180914651583366928905836125386505914981019733732825555070919257615847
  n = 115428333948549559305927554485585171983410109499880950381695998469157055464222060560707711981199937951230268131322160067912651448773091413828989075713111213118037444420761370610878849466342000054222260719972235167679721665620598589210392270180998339178506275750689258138718516028777398690129749531347945628121
  e = 65537
  d = 22186714722216134375646877395286882394296613353830665608102667084486189903150972685402674028826092411487368778709206255634155824956812678944775857710271475363383166095801637970451027810519677751812795825537863818056415113255008949522426449874958239563139140942623787757582806024310680154416690905597127517765
========================================
[INPUT] Enter message to encrypt: 
[RESULT] encrypted message = 53112712128049207564743865795684176355520111933012170769523203469421163146335415083070152296233517149925564806285811040687234405283024359603770199264039194424477724930480086369746724667057718422098996046710825172588041011699995304934187984044853049416343098969832020174307308940571235214982472626189416061127

[INPUT] Enter message to decrypt: 
[RESULT] decrypted message = 59205323407219713366713304631175884982870274852590945380667441726178823327964531102358415602252635679972079797166653736492122245539384568399934131186416837803804837977903280253093776986676607169839519500215393546643815651135834729493020106716376468786314688536531262342227966879465413976433475701162573890382
